<?xml version="1.0" encoding="UTF-8"?>
<!-- Generated by org.testng.reporters.JUnitReportReporter -->
<testsuite skipped="0" hostname="DESKTOP-PL1AI9U" name="tests.SdeleteUserGroup_Test" tests="2" failures="0" timestamp="2020-12-15T16:09:48 CST" time="27.928" errors="0">
  <testcase name="login" time="14.269" classname="tests.SdeleteUserGroup_Test"/>
  <system-out/>
  <testcase name="testDeleteUserGroup" time="13.659" classname="tests.SdeleteUserGroup_Test"/>
  <system-out/>
</testsuite> <!-- tests.SdeleteUserGroup_Test -->
