<?xml version="1.0" encoding="UTF-8"?>
<!-- Generated by org.testng.reporters.JUnitReportReporter -->
<testsuite skipped="0" hostname="LAPTOP-7CS7VT9V" name="testcase.LoginTest" tests="50" failures="0" timestamp="2020-12-02T08:28:33 CST" time="1066.736" errors="0">
  <testcase name="test_login_success" time="4.569" classname="testcase.LoginTest"/>
  <system-out/>
  <testcase name="test_login_fail" time="3.456" classname="testcase.LoginTest"/>
  <system-out/>
  <testcase name="test_clickZhangHao" time="6.702" classname="testcase.LoginTest"/>
  <system-out/>
  <testcase name="test_editPassword_fail2" time="19.154" classname="testcase.LoginTest"/>
  <system-out/>
  <testcase name="test_editEmaiFullName" time="3.350" classname="testcase.LoginTest"/>
  <system-out/>
  <testcase name="test_editPassword" time="19.861" classname="testcase.LoginTest"/>
  <system-out/>
  <testcase name="test_editPassword_fail1" time="20.214" classname="testcase.LoginTest"/>
  <system-out/>
  <testcase name="test_editPassword_fail4" time="19.077" classname="testcase.LoginTest"/>
  <system-out/>
  <testcase name="test_editPassword_fail5" time="19.153" classname="testcase.LoginTest"/>
  <system-out/>
  <testcase name="test_editEmail" time="3.405" classname="testcase.LoginTest"/>
  <system-out/>
  <testcase name="test_editPassword_fail3" time="19.337" classname="testcase.LoginTest"/>
  <system-out/>
  <testcase name="test_clickQues" time="12.988" classname="testcase.LoginTest"/>
  <system-out/>
  <testcase name="test_selectNote" time="13.014" classname="testcase.LoginTest"/>
  <system-out/>
  <testcase name="test_clickShow" time="12.974" classname="testcase.LoginTest"/>
  <system-out/>
  <testcase name="test_clickPerson" time="6.533" classname="testcase.LoginTest"/>
  <system-out/>
  <testcase name="test_selectJie" time="9.781" classname="testcase.LoginTest"/>
  <system-out/>
  <testcase name="test_clickAnswer" time="12.593" classname="testcase.LoginTest"/>
  <system-out/>
  <testcase name="test_clickTemp" time="12.967" classname="testcase.LoginTest"/>
  <system-out/>
  <testcase name="test_clickSub" time="12.602" classname="testcase.LoginTest"/>
  <system-out/>
  <testcase name="test_clickPre" time="13.007" classname="testcase.LoginTest"/>
  <system-out/>
  <testcase name="test_selectHtml" time="12.957" classname="testcase.LoginTest"/>
  <system-out/>
  <testcase name="test_selectLock" time="12.947" classname="testcase.LoginTest"/>
  <system-out/>
  <testcase name="test_clickCopyEnddate" time="3.221" classname="testcase.LoginTest"/>
  <system-out/>
  <testcase name="test_clickCopyDiao" time="3.227" classname="testcase.LoginTest"/>
  <system-out/>
  <testcase name="test_clickCopySurveyId" time="6.240" classname="testcase.LoginTest"/>
  <system-out/>
  <testcase name="test_clickCopyAnswers" time="3.232" classname="testcase.LoginTest"/>
  <system-out/>
  <testcase name="test_clickCopyConditions" time="3.220" classname="testcase.LoginTest"/>
  <system-out/>
  <testcase name="test_clickCopyPermiss" time="3.221" classname="testcase.LoginTest"/>
  <system-out/>
  <testcase name="test_clickCopySurveyName" time="6.256" classname="testcase.LoginTest"/>
  <system-out/>
  <testcase name="test_clickCopyQuotas" time="3.217" classname="testcase.LoginTest"/>
  <system-out/>
  <testcase name="test_clickCopy" time="3.804" classname="testcase.LoginTest"/>
  <system-out/>
  <testcase name="test_clickCopySurvey" time="6.667" classname="testcase.LoginTest"/>
  <system-out/>
  <testcase name="test_clickCopyStartid" time="3.219" classname="testcase.LoginTest"/>
  <system-out/>
  <testcase name="test_clickBut3" time="52.367" classname="testcase.LoginTest"/>
  <system-out/>
  <testcase name="test_TongJi" time="55.438" classname="testcase.LoginTest"/>
  <system-out/>
  <testcase name="test_clickBut4" time="52.383" classname="testcase.LoginTest"/>
  <system-out/>
  <testcase name="test_clickFormat3" time="55.710" classname="testcase.LoginTest"/>
  <system-out/>
  <testcase name="test_clickFormat1" time="0.007" classname="testcase.LoginTest"/>
  <system-out/>
  <testcase name="test_clickRoww4" time="52.541" classname="testcase.LoginTest"/>
  <system-out/>
  <testcase name="test_clickChartType" time="6.706" classname="testcase.LoginTest"/>
  <system-out/>
  <testcase name="test_clickRoww2" time="52.415" classname="testcase.LoginTest"/>
  <system-out/>
  <testcase name="test_clickRoww1" time="52.390" classname="testcase.LoginTest"/>
  <system-out/>
  <testcase name="test_clickFormat2" time="0.004" classname="testcase.LoginTest"/>
  <system-out/>
  <testcase name="test_clickFormat4" time="52.789" classname="testcase.LoginTest"/>
  <system-out/>
  <testcase name="test_clickBut1" time="52.407" classname="testcase.LoginTest"/>
  <system-out/>
  <testcase name="test_clickRoww3" time="52.530" classname="testcase.LoginTest"/>
  <system-out/>
  <testcase name="test_clickOnlyFin" time="55.402" classname="testcase.LoginTest"/>
  <system-out/>
  <testcase name="test_clickOnlyNoFin" time="52.398" classname="testcase.LoginTest"/>
  <system-out/>
  <testcase name="test_clickRoww5" time="52.676" classname="testcase.LoginTest"/>
  <system-out/>
  <testcase name="test_clickBut2" time="52.408" classname="testcase.LoginTest"/>
  <system-out/>
</testsuite> <!-- testcase.LoginTest -->
