<?xml version="1.0" encoding="UTF-8"?>
<!-- Generated by org.testng.reporters.JUnitReportReporter -->
<testsuite skipped="0" hostname="LAPTOP-7CS7VT9V" name="com.webtest.demo.demo" tests="1" failures="0" timestamp="2020-12-02T08:28:33 CST" time="0.006" errors="0">
  <testcase name="demo" time="0.006" classname="com.webtest.demo.demo"/>
  <system-out/>
</testsuite> <!-- com.webtest.demo.demo -->
