<?xml version="1.0" encoding="UTF-8"?>
<!-- Generated by org.testng.reporters.JUnitReportReporter -->
<testsuite skipped="0" hostname="DESKTOP-4P44GED" name="com.test.demo.SmokeTesting" tests="2" failures="0" timestamp="2020-11-19T08:35:35 CST" time="45.944" errors="0">
  <testcase name="testChangeSMTPDebug1" time="23.064" classname="com.test.demo.SmokeTesting"/>
  <system-out/>
  <testcase name="testChangeSMTPDebug2" time="22.880" classname="com.test.demo.SmokeTesting"/>
  <system-out/>
</testsuite> <!-- com.test.demo.SmokeTesting -->
