<?xml version="1.0" encoding="UTF-8"?>
<!-- Generated by org.testng.reporters.JUnitReportReporter -->
<testsuite skipped="0" hostname="DESKTOP-HEKSHLH" name="com.webtest.test.demo" tests="1" failures="0" timestamp="2020-11-28T11:06:47 CST" time="21.031" errors="0">
  <testcase name="test50" time="21.031" classname="com.webtest.test.demo"/>
  <system-out/>
</testsuite> <!-- com.webtest.test.demo -->
